<?xml version="1.0" encoding="UTF-8"?>
<!-- Generated by org.testng.reporters.JUnitReportReporter -->
<testsuite skipped="0" hostname="W10BWRQYW2" name="com.dell.qa.TestCase.LoginPageTest" tests="4" failures="0" timestamp="2020-01-29T16:04:26 IST" time="7.552" errors="0">
  <testcase name="Title" time="0.148" classname="com.dell.qa.TestCase.LoginPageTest"/>
  <system-out/>
  <testcase name="Loginto" time="6.755" classname="com.dell.qa.TestCase.LoginPageTest"/>
  <system-out/>
  <testcase name="TitleAfterLogin" time="0.023" classname="com.dell.qa.TestCase.LoginPageTest"/>
  <system-out/>
  <testcase name="Login" time="0.626" classname="com.dell.qa.TestCase.LoginPageTest"/>
  <system-out/>
</testsuite> <!-- com.dell.qa.TestCase.LoginPageTest -->
