<?xml version="1.0" encoding="UTF-8"?>
<!-- Generated by org.testng.reporters.JUnitReportReporter -->
<testsuite skipped="0" hostname="W10BWRQYW2" name="com.dell.qa.TestCase.LoginPageTest" tests="4" failures="0" timestamp="2020-01-29T16:20:48 IST" time="7.676" errors="0">
  <testcase name="Title" time="0.021" classname="com.dell.qa.TestCase.LoginPageTest"/>
  <system-out/>
  <testcase name="Loginto" time="6.891" classname="com.dell.qa.TestCase.LoginPageTest"/>
  <system-out/>
  <testcase name="TitleAfterLogin" time="0.015" classname="com.dell.qa.TestCase.LoginPageTest"/>
  <system-out/>
  <testcase name="Login" time="0.749" classname="com.dell.qa.TestCase.LoginPageTest"/>
  <system-out/>
</testsuite> <!-- com.dell.qa.TestCase.LoginPageTest -->
